## SLURM PROLOG ###############################################################
##    Job ID : 12283927
##  Job Name : cuda.sh
##  Nodelist : gpu2008
##      CPUs : 1
##   Mem/CPU : 2800 MB
## Directory : /oscar/home/nxu4/apma2822/hw4_apma2822B_vignesh_neil
##   Job Started : Mon Dec  4 18:07:41 EST 2023
###############################################################################
Mon Dec  4 18:07:41 2023       
+---------------------------------------------------------------------------------------+
| NVIDIA-SMI 535.54.03              Driver Version: 535.54.03    CUDA Version: 12.2     |
|-----------------------------------------+----------------------+----------------------+
| GPU  Name                 Persistence-M | Bus-Id        Disp.A | Volatile Uncorr. ECC |
| Fan  Temp   Perf          Pwr:Usage/Cap |         Memory-Usage | GPU-Util  Compute M. |
|                                         |                      |               MIG M. |
|=========================================+======================+======================|
|   0  Quadro RTX 6000                Off | 00000000:63:00.0 Off |                  Off |
| 33%   32C    P8               9W / 260W |     10MiB / 24576MiB |      0%      Default |
|                                         |                      |                  N/A |
+-----------------------------------------+----------------------+----------------------+
                                                                                         
+---------------------------------------------------------------------------------------+
| Processes:                                                                            |
|  GPU   GI   CI        PID   Type   Process name                            GPU Memory |
|        ID   ID                                                             Usage      |
|=======================================================================================|
|    0   N/A  N/A     22451      G   X                                             8MiB |
+---------------------------------------------------------------------------------------+
ncuda_devices = 1
dims: 1000, 1000
num streams: 1
M: 1000, N: 1000, Time: 5863, Floprate: 0.000341122
M: 1000, N: 1000, Time: 5863, Floprate: 0.000341122, idx: 0
dims: 1000, 1000
num streams: 2
M: 1000, N: 1000, Time: 697, Floprate: 0.00286944
M: 1000, N: 1000, Time: 697, Floprate: 0.00286944, idx: 1
dims: 1000, 1000
num streams: 3
M: 1000, N: 1000, Time: 463, Floprate: 0.00431965
M: 1000, N: 1000, Time: 463, Floprate: 0.00431965, idx: 2
dims: 1000, 1000
num streams: 4
M: 1000, N: 1000, Time: 679, Floprate: 0.00294551
M: 1000, N: 1000, Time: 679, Floprate: 0.00294551, idx: 3
dims: 1000, 1000
num streams: 5
M: 1000, N: 1000, Time: 1137, Floprate: 0.00175901
M: 1000, N: 1000, Time: 1137, Floprate: 0.00175901, idx: 4
dims: 1000, 1000
num streams: 6
M: 1000, N: 1000, Time: 593, Floprate: 0.00337268
M: 1000, N: 1000, Time: 593, Floprate: 0.00337268, idx: 5
dims: 1000, 1000
num streams: 7
M: 1000, N: 1000, Time: 568, Floprate: 0.00352113
M: 1000, N: 1000, Time: 568, Floprate: 0.00352113, idx: 6
dims: 1000, 1000
num streams: 8
M: 1000, N: 1000, Time: 1089, Floprate: 0.00183655
M: 1000, N: 1000, Time: 1089, Floprate: 0.00183655, idx: 7
dims: 1000, 1000
num streams: 1
M: 1000, N: 1000, Time: 985, Floprate: 0.00203046
M: 1000, N: 1000, Time: 985, Floprate: 0.00203046, idx: 8
dims: 1000, 1000
num streams: 2
M: 1000, N: 1000, Time: 702, Floprate: 0.002849
M: 1000, N: 1000, Time: 702, Floprate: 0.002849, idx: 9
dims: 1000, 1000
num streams: 3
M: 1000, N: 1000, Time: 467, Floprate: 0.00428266
M: 1000, N: 1000, Time: 467, Floprate: 0.00428266, idx: 10
dims: 1000, 1000
num streams: 4
M: 1000, N: 1000, Time: 682, Floprate: 0.00293255
M: 1000, N: 1000, Time: 682, Floprate: 0.00293255, idx: 11
dims: 1000, 1000
num streams: 5
M: 1000, N: 1000, Time: 676, Floprate: 0.00295858
M: 1000, N: 1000, Time: 676, Floprate: 0.00295858, idx: 12
dims: 1000, 1000
num streams: 6
M: 1000, N: 1000, Time: 559, Floprate: 0.00357782
M: 1000, N: 1000, Time: 559, Floprate: 0.00357782, idx: 13
dims: 1000, 1000
num streams: 7
M: 1000, N: 1000, Time: 754, Floprate: 0.00265252
M: 1000, N: 1000, Time: 754, Floprate: 0.00265252, idx: 14
dims: 1000, 1000
num streams: 8
M: 1000, N: 1000, Time: 1184, Floprate: 0.00168919
M: 1000, N: 1000, Time: 1184, Floprate: 0.00168919, idx: 15
dims: 1000, 1000
num streams: 1
M: 1000, N: 1000, Time: 836, Floprate: 0.00239234
M: 1000, N: 1000, Time: 836, Floprate: 0.00239234, idx: 16
dims: 1000, 1000
num streams: 2
M: 1000, N: 1000, Time: 702, Floprate: 0.002849
M: 1000, N: 1000, Time: 702, Floprate: 0.002849, idx: 17
dims: 1000, 1000
num streams: 3
M: 1000, N: 1000, Time: 710, Floprate: 0.0028169
M: 1000, N: 1000, Time: 710, Floprate: 0.0028169, idx: 18
dims: 1000, 1000
num streams: 4
M: 1000, N: 1000, Time: 724, Floprate: 0.00276243
M: 1000, N: 1000, Time: 724, Floprate: 0.00276243, idx: 19
dims: 1000, 1000
num streams: 5
M: 1000, N: 1000, Time: 682, Floprate: 0.00293255
M: 1000, N: 1000, Time: 682, Floprate: 0.00293255, idx: 20
dims: 1000, 1000
num streams: 6
M: 1000, N: 1000, Time: 547, Floprate: 0.00365631
M: 1000, N: 1000, Time: 547, Floprate: 0.00365631, idx: 21
dims: 1000, 1000
num streams: 7
M: 1000, N: 1000, Time: 565, Floprate: 0.00353982
M: 1000, N: 1000, Time: 565, Floprate: 0.00353982, idx: 22
dims: 1000, 1000
num streams: 8
M: 1000, N: 1000, Time: 670, Floprate: 0.00298507
M: 1000, N: 1000, Time: 670, Floprate: 0.00298507, idx: 23
dims: 1000, 1000
num streams: 1
M: 1000, N: 1000, Time: 745, Floprate: 0.00268456
M: 1000, N: 1000, Time: 745, Floprate: 0.00268456, idx: 24
dims: 1000, 1000
num streams: 2
M: 1000, N: 1000, Time: 996, Floprate: 0.00200803
M: 1000, N: 1000, Time: 996, Floprate: 0.00200803, idx: 25
dims: 1000, 1000
num streams: 3
M: 1000, N: 1000, Time: 795, Floprate: 0.00251572
M: 1000, N: 1000, Time: 795, Floprate: 0.00251572, idx: 26
dims: 1000, 1000
num streams: 4
M: 1000, N: 1000, Time: 757, Floprate: 0.00264201
M: 1000, N: 1000, Time: 757, Floprate: 0.00264201, idx: 27
dims: 1000, 1000
num streams: 5
M: 1000, N: 1000, Time: 675, Floprate: 0.00296296
M: 1000, N: 1000, Time: 675, Floprate: 0.00296296, idx: 28
dims: 1000, 1000
num streams: 6
M: 1000, N: 1000, Time: 730, Floprate: 0.00273973
M: 1000, N: 1000, Time: 730, Floprate: 0.00273973, idx: 29
dims: 1000, 1000
num streams: 7
M: 1000, N: 1000, Time: 616, Floprate: 0.00324675
M: 1000, N: 1000, Time: 616, Floprate: 0.00324675, idx: 30
dims: 1000, 1000
num streams: 8
M: 1000, N: 1000, Time: 659, Floprate: 0.0030349
M: 1000, N: 1000, Time: 659, Floprate: 0.0030349, idx: 31
dims: 1000, 1000
num streams: 1
M: 1000, N: 1000, Time: 742, Floprate: 0.00269542
M: 1000, N: 1000, Time: 742, Floprate: 0.00269542, idx: 32
dims: 1000, 1000
num streams: 2
M: 1000, N: 1000, Time: 701, Floprate: 0.00285307
M: 1000, N: 1000, Time: 701, Floprate: 0.00285307, idx: 33
dims: 1000, 1000
num streams: 3
M: 1000, N: 1000, Time: 464, Floprate: 0.00431034
M: 1000, N: 1000, Time: 464, Floprate: 0.00431034, idx: 34
dims: 1000, 1000
num streams: 4
M: 1000, N: 1000, Time: 678, Floprate: 0.00294985
M: 1000, N: 1000, Time: 678, Floprate: 0.00294985, idx: 35
dims: 1000, 1000
num streams: 5
M: 1000, N: 1000, Time: 883, Floprate: 0.00226501
M: 1000, N: 1000, Time: 883, Floprate: 0.00226501, idx: 36
dims: 1000, 1000
num streams: 6
M: 1000, N: 1000, Time: 1002, Floprate: 0.00199601
M: 1000, N: 1000, Time: 1002, Floprate: 0.00199601, idx: 37
dims: 1000, 1000
num streams: 7
M: 1000, N: 1000, Time: 872, Floprate: 0.00229358
M: 1000, N: 1000, Time: 872, Floprate: 0.00229358, idx: 38
dims: 1000, 1000
num streams: 8
M: 1000, N: 1000, Time: 674, Floprate: 0.00296736
M: 1000, N: 1000, Time: 674, Floprate: 0.00296736, idx: 39
dims: 1000, 1000
num streams: 1
M: 1000, N: 1000, Time: 1062, Floprate: 0.00188324
M: 1000, N: 1000, Time: 1062, Floprate: 0.00188324, idx: 40
dims: 1000, 1000
num streams: 2
M: 1000, N: 1000, Time: 899, Floprate: 0.00222469
M: 1000, N: 1000, Time: 899, Floprate: 0.00222469, idx: 41
dims: 1000, 1000
num streams: 3
M: 1000, N: 1000, Time: 480, Floprate: 0.00416667
M: 1000, N: 1000, Time: 480, Floprate: 0.00416667, idx: 42
